<?xml version="1.0" encoding="UTF-8"?>
<testng-results skipped="0" failed="0" ignored="0" total="2" passed="2">
  <reporter-output>
  </reporter-output>
  <suite name="Default suite" duration-ms="4963" started-at="2020-08-21T02:07:49 IST" finished-at="2020-08-21T02:07:54 IST">
    <groups>
    </groups>
    <test name="Default test" duration-ms="4963" started-at="2020-08-21T02:07:49 IST" finished-at="2020-08-21T02:07:54 IST">
      <class name="com.qa.testcases.FirstPageFlightsTest">
        <test-method status="PASS" signature="setUpTest()[pri:0, instance:com.qa.testcases.FirstPageFlightsTest@5a1c0542]" name="setUpTest" is-config="true" duration-ms="134" started-at="2020-08-21T02:07:49 IST" finished-at="2020-08-21T02:07:49 IST">
          <reporter-output>
          </reporter-output>
        </test-method> <!-- setUpTest -->
        <test-method status="PASS" signature="SearchTokenExtractTest()[pri:1, instance:com.qa.testcases.FirstPageFlightsTest@5a1c0542]" name="SearchTokenExtractTest" duration-ms="975" started-at="2020-08-21T02:07:49 IST" finished-at="2020-08-21T02:07:50 IST">
          <reporter-output>
          </reporter-output>
        </test-method> <!-- SearchTokenExtractTest -->
        <test-method status="PASS" signature="FlightsSearchTest()[pri:2, instance:com.qa.testcases.FirstPageFlightsTest@5a1c0542]" name="FlightsSearchTest" duration-ms="3828" started-at="2020-08-21T02:07:50 IST" finished-at="2020-08-21T02:07:54 IST">
          <reporter-output>
          </reporter-output>
        </test-method> <!-- FlightsSearchTest -->
      </class> <!-- com.qa.testcases.FirstPageFlightsTest -->
    </test> <!-- Default test -->
  </suite> <!-- Default suite -->
</testng-results>
